100,7.160799407958985
200,6.557813262939453
300,6.9027268545968195
400,4.203722953796387
500,5.694515652126736
600,5.788329060872396
700,4.8353376388549805
800,7.039978663126628
900,5.152530988057454
1000,5.978745778401692
1100,6.0464606285095215
1200,6.164588623046875
1300,5.984192371368408
1400,4.767930030822754
1500,5.573602676391602
1600,5.461672465006511
1700,5.485345204671224
1800,5.990136580033735
1900,5.68450698852539
2000,5.899494806925456
2100,6.748696804046631
2200,5.6377854347229
2300,6.115095955984933
2400,5.068755722045898
2500,4.828213882446289
2600,4.691840744018554
2700,6.156055103648793
2800,5.133033370971679
2900,4.50881712777274
3000,6.709558010101318
3100,6.566263198852539
3200,4.2148878914969305
3300,4.905386788504464
3400,5.120946566263835
3500,5.273007583618164
3600,5.812958611382379
3700,6.149678548177083
3800,6.098264058430989
3900,5.668732779366629
4000,6.077884129115513
4100,6.011588668823242
4200,5.34651517868042
4300,5.211526489257812
4400,7.321427345275879
4500,6.205460548400879
4600,5.665065002441406
4700,4.505031585693359
4800,6.210954938616071
4900,5.266277313232422
5000,5.247397422790527
5100,6.3461012840271
5200,4.282369613647461
5300,6.228030395507813
5400,6.617200215657552
5500,4.886133193969727
5600,5.673256556193034
5700,5.394839477539063
5800,5.13929557800293
5900,6.6908459133572045
6000,5.548133002387153
6100,5.5104630788167315
6200,8.779830932617188
6300,4.940716213650173
6400,6.181604558771307
6500,4.706690652029855
6600,5.257155227661133
6700,5.780775451660157
6800,5.448900858561198
6900,5.137062072753906
7000,5.659429338243273
7100,5.14324951171875
7200,7.322459538777669
7300,5.525134616427952
7400,5.796422518216646
7500,7.686719512939453
7600,5.719130325317383
7700,5.849580938165838
7800,9.565887451171875
7900,4.204388754708426
8000,6.04973030090332
8100,6.582405090332031
8200,4.835907527378628
8300,4.122953142438616
8400,7.013371187097886
8500,6.1552557945251465
8600,5.5876515706380205
8700,3.4939441680908203
8800,3.9213624000549316
8900,5.177697268399325
9000,4.785768508911133
9100,5.564251292835582
9200,6.037788391113281
9300,4.62670669555664
9400,4.670568738664899
9500,6.641785757882254
9600,4.139192369249132
9700,5.108565330505371
9800,6.300494800914418
9900,5.72432121863732
10000,6.430741310119629
10100,5.166495132446289
10200,5.691231536865234
10300,5.671977996826172
10400,3.2505340576171875
10500,5.324848175048828
10600,5.207986450195312
10700,3.6204679012298584
10800,5.701468785603841
10900,4.067315101623535
11000,4.2379332648383246
11100,4.86879825592041
11200,6.834761352539062
11300,5.780712127685547
11400,4.39775276184082
11500,5.047400951385498
11600,4.937136332194011
11700,5.441577911376953
11800,5.940452575683594
11900,6.080609893798828
12000,5.017249425252278
12100,5.863823413848877
12200,4.462585926055908
12300,4.667873927525112
12400,4.763890075683594
12500,4.3439186096191404
12600,3.8508590698242187
12700,5.489888971502131
12800,4.7162330627441404
12900,4.22917366027832
13000,4.748472213745117
13100,6.150734901428223
13200,3.9628729139055525
13300,4.302193232945034
13400,4.745278040568034
13500,4.484027481079101
13600,6.101735432942708
13700,5.731790754530165
13800,5.979068756103516
13900,5.306461334228516
14000,5.342276436941964
14100,5.998411178588867
14200,4.579311847686768
14300,4.6021888732910154
14400,5.43425178527832
14500,6.031355857849121
14600,4.097961044311523
14700,4.598406791687012
14800,6.048803056989398
14900,4.718411036900112
15000,5.6228485107421875
15100,6.059596538543701
15200,3.7389609813690186
15300,5.929036331176758
15400,5.887858496771918
15500,4.4573073387146
15600,5.638783772786458
15700,5.042644882202149
15800,4.716044235229492
15900,6.238547007242839
16000,5.575723859998915
16100,4.872642199198405
16200,7.726673126220703
16300,4.528616587320964
16400,5.733043323863637
16500,4.448343004499163
16600,4.860102844238281
16700,5.24408187866211
16800,5.214143753051758
16900,4.0555267333984375
17000,6.078621758355035
17100,4.708564758300781
17200,6.350378672281901
17300,5.052199469672309
17400,5.641771169809195
17500,6.458103179931641
17600,5.705226135253906
17700,5.814420526677912
17800,6.641457239786784
17900,3.748458044869559
18000,5.988279342651367
18100,5.18883296421596
18200,3.7944938114711215
18300,3.585501262119838
18400,6.456598618451287
18500,5.182468891143799
18600,5.464240392049153
18700,2.995121637980143
18800,3.480217933654785
18900,4.879474986683238
19000,4.571133804321289
19100,5.477211345325816
19200,5.89924413507635
19300,4.072951889038086
19400,4.5563844953264505
19500,5.565952845982143
19600,3.9232974582248263
19700,5.1797356605529785
19800,5.33668344671076
19900,5.416953453650842
20000,6.012391090393066
20100,4.566685485839844
20200,5.105133819580078
20300,5.143759591238839
20400,2.9981505076090493
20500,5.489096323649089
20600,5.218497721354167
20700,3.1966991424560547
20800,5.839439392089844
20900,3.277252197265625
21000,4.264741685655382
21100,4.634504318237305
21200,6.564103393554688
21300,5.824474334716797
21400,4.20526123046875
21500,5.26345157623291
21600,4.645008087158203
21700,4.75864315032959
21800,5.627334941517223
21900,5.678184890747071
22000,4.758734067281087
22100,5.554131031036377
22200,4.052993297576904
22300,3.8437132154192244
22400,4.548104095458984
22500,3.570374298095703
22600,3.5441349029541014
22700,5.709090146151456
22800,4.607730865478516
22900,3.863013676234654
23000,4.336385250091553
23100,6.2290263175964355
23200,3.6665660313197543
23300,3.8691408974783763
23400,4.570082346598308
23500,4.472299575805664
23600,5.2858763800726996
23700,5.220638275146484
23800,5.467282613118489
23900,4.508059365408761
24000,4.9693467276436945
24100,5.514967346191407
24200,4.331716537475586
24300,4.790906143188477
24400,4.027756690979004
24500,5.359513282775879
24600,4.374012756347656
24700,4.411274433135986
24800,5.643530709402902
24900,4.530428205217634
25000,4.45782995223999
25100,6.31112813949585
25200,3.6395263671875
25300,5.963093948364258
25400,5.745285881890191
25500,4.496621131896973
25600,5.55587895711263
25700,4.66485710144043
25800,4.954014587402344
25900,5.919097900390625
26000,4.947861989339192
26100,4.4190012613932295
26200,7.022089958190918
26300,4.0465850830078125
26400,5.301499453457919
26500,4.650417872837612
26600,4.964987945556641
26700,5.111772918701172
26800,5.182420412699382
26900,3.7226831912994385
27000,5.460439046223958
27100,3.814361027308873
27200,5.760839462280273
27300,4.646876864963108
27400,5.952856210561899
27500,6.248831939697266
27600,5.564323043823242
27700,5.730431643399325
27800,4.92787488301595
27900,4.400667190551758
28000,5.954437255859375
28100,4.464962823050363
28200,3.345618656703404
28300,3.433729716709682
28400,6.434927547679228
28500,4.837652206420898
28600,5.080532709757487
28700,2.467535972595215
28800,3.179154396057129
28900,4.897262226451527
29000,4.7023780822753904
29100,5.330492886629972
29200,5.1144162958318535
29300,3.7337833404541017
29400,3.8467674255371094
29500,4.991913386753628
29600,3.609723832872179
29700,4.646156311035156
29800,5.437191703102806
29900,5.453869159405048
30000,5.370221138000488
30100,4.124869155883789
30200,5.062447357177734
30300,5.420138222830636
30400,2.8761911392211914
30500,3.959708319769965
30600,4.78775380452474
30700,3.0304129123687744
30800,4.88496208190918
30900,3.165581703186035
31000,4.134100172254774
31100,4.396280288696289
31200,6.60717041015625
31300,5.489859104156494
31400,3.480714480082194
31500,4.999842166900635
31600,4.317260106404622
31700,5.167549769083659
31800,5.190358248623935
31900,5.017774200439453
32000,4.309592247009277
32100,5.124751567840576
32200,3.612119197845459
32300,3.612048557826451
32400,4.324358367919922
32500,3.1237993240356445
32600,3.5126087188720705
32700,5.61838774247603
32800,4.3361259460449215
32900,3.5065400259835378
33000,5.528811931610107
33100,5.419139385223389
33200,3.306831087384905
33300,3.5126211983816966
33400,4.495024045308431
33500,3.86847038269043
33600,5.248197767469618
33700,5.162164900037977
33800,5.34175173441569
33900,3.6850907461983815
34000,4.487815856933594
34100,5.214730453491211
34200,4.09187126159668
34300,4.698012924194336
34400,3.4305763244628906
34500,5.078487396240234
34600,4.280130004882812
34700,4.488387107849121
34800,5.3180051531110495
34900,4.3685406276157925
35000,3.7407093048095703
35100,5.823736667633057
35200,3.7208776473999023
35300,5.639895248413086
35400,5.484965430365668
35500,4.057617664337158
35600,5.248767217000325
35700,4.738746643066406
35800,4.469684600830078
35900,4.8315103318956165
36000,4.387708875868055
36100,4.146263758341472
36200,7.142435073852539
36300,3.9675814310709634
36400,4.878154061057351
36500,4.255468641008649
36600,4.70166015625
36700,4.930577087402344
36800,4.908666928609212
36900,3.040717601776123
37000,5.857165018717448
37100,3.7275603158133372
37200,6.024404525756836
37300,5.422796037462023
37400,5.561549846942608
37500,6.124357604980469
37600,5.491766738891601
37700,4.9774932861328125
37800,4.04716428120931
37900,3.890141350882394
38000,6.114075660705566
38100,3.743719918387277
38200,2.8734517778669084
38300,2.775082996913365
38400,6.276410271139706
38500,4.433494567871094
38600,4.203618049621582
38700,2.2711634635925293
38800,2.7887840270996094
38900,4.8063201904296875
39000,4.683517837524414
39100,5.152904857288707
39200,5.094507737593218
39300,3.893177032470703
39400,3.5502071380615234
39500,5.1561769757952005
39600,3.4609815809461804
39700,4.211401462554932
39800,4.900092731822621
39900,5.362772428072416
40000,5.255145072937012
40100,3.3256629943847655
40200,4.808160018920899
40300,4.657368251255581
40400,2.55833371480306
40500,3.3046122656928167
40600,4.731375122070313
40700,2.9595906734466553
40800,3.859421412150065
40900,2.799072265625
41000,3.5492159525553384
41100,4.042260646820068
41200,6.261448364257813
41300,5.235048294067383
41400,3.56105899810791
41500,5.095606803894043
41600,4.459767977396647
41700,5.089832623799642
41800,4.7759389010342685
41900,6.083451461791992
42000,3.922811508178711
42100,4.70968770980835
42200,3.526358127593994
42300,2.9329823085239957
42400,4.008666229248047
42500,2.3546512603759764
42600,3.2029163360595705
42700,5.422031749378551
42800,4.287522888183593
42900,3.453023910522461
43000,3.697258949279785
43100,5.28737211227417
43200,3.3679602486746654
43300,3.0863979884556363
43400,4.659266471862793
43500,3.7560863494873047
43600,4.916705661349827
43700,4.757014804416233
43800,5.735737482706706
43900,3.4092355455671037
44000,4.05571528843471
44100,4.572967910766602
44200,3.6258411407470703
44300,4.380826950073242
44400,2.79954195022583
44500,4.733038902282715
44600,1.8355667114257812
44700,4.501664638519287
44800,5.646622794015067
44900,3.397632326398577
45000,3.878237247467041
45100,5.958372116088867
45200,3.742064952850342
45300,5.341010665893554
45400,4.8273802863226996
45500,3.691960334777832
45600,4.831457773844401
45700,4.627203369140625
45800,4.516317749023438
45900,4.433669196234809
46000,4.799859364827474
46100,3.8297656377156577
46200,6.3929219245910645
46300,3.5333069695366754
46400,5.09762920032848
46500,4.178962162562779
46600,4.368578720092773
46700,5.283288955688477
46800,4.913082758585612
46900,3.065204381942749
47000,5.043862660725911
47100,2.7737042563302174
47200,5.776294708251953
47300,4.4424938625759545
47400,4.99844477726863
47500,5.983802413940429
47600,4.974754333496094
47700,5.035924738103693
47800,4.199978510538737
47900,3.0733740670340404
48000,5.685956954956055
48100,3.290386472429548
48200,2.7941491263253346
48300,2.8651109422956194
48400,6.493084178251379
48500,4.0075483322143555
48600,4.478695233662923
48700,2.3841023445129395
48800,2.196643114089966
48900,4.8951967412775215
49000,4.645039367675781
49100,4.980900157581676
49200,4.957821585915306
49300,3.5961772918701174
49400,3.2304393223353793
49500,4.3756286076137
49600,2.714749230278863
49700,3.8979804515838623
49800,7.101278131658381
49900,5.374553973858173
50000,5.460780143737793
50100,3.3080047607421874
50200,4.5451507568359375
50300,4.630409240722656
50400,2.044675827026367
50500,3.2673763699001737
50600,4.19701919555664
50700,2.787278890609741
50800,5.722990036010742
50900,3.814131418863932
51000,3.1500761244032116
51100,4.042804718017578
51200,6.486514892578125
51300,4.887120246887207
51400,2.6081263224283853
51500,4.767034530639648
51600,3.4997170766194663
51700,4.641582171122233
51800,5.026829112659801
51900,4.154705429077149
52000,4.371068954467773
52100,4.345513820648193
52200,3.2646424770355225
52300,2.572769982474191
52400,3.7086227416992186
52500,2.485103988647461
52600,3.536824417114258
52700,5.150554310191762
52800,3.9685287475585938
52900,3.291884286063058
53000,4.106455326080322
53100,4.0876264572143555
53200,4.337913513183594
53300,2.5807187216622487
53400,3.8210137685139975
53500,3.745288848876953
53600,4.902252197265625
53700,5.238321516248915
53800,5.032392501831055
53900,3.5985679626464844
54000,3.847360610961914
54100,4.644747924804688
54200,3.601494550704956
54300,3.8936195373535156
54400,2.303645133972168
54500,5.02855110168457
54600,1.3570283889770507
54700,4.459928035736084
54800,5.3525510515485495
54900,3.2823693411690846
55000,2.457721471786499
55100,5.707835674285889
55200,3.0927927494049072
55300,5.497008895874023
55400,4.471865759955512
55500,3.248854160308838
55600,4.762637138366699
55700,4.391195678710938
55800,4.717882919311523
55900,4.31228510538737
56000,3.9890098571777344
56100,3.029194196065267
56200,6.324728012084961
56300,3.758470747205946
56400,6.073057694868608
56500,4.098272051130023
56600,4.65626106262207
56700,4.623699569702149
56800,4.679847717285156
56900,2.3474559783935547
57000,4.3125110202365455
57100,2.70923342023577
57200,5.288047472635905
57300,4.072710673014323
57400,5.205929682804988
57500,5.96258316040039
57600,4.613570785522461
57700,4.6890997453169385
57800,3.0824769337972007
57900,2.783667428152902
58000,5.23534631729126
58100,3.5597457885742188
58200,2.9124205453055247
58300,2.186163766043527
58400,5.843604592715993
58500,3.5408949851989746
58600,4.076404571533203
58700,1.8661073048909504
58800,2.190429925918579
58900,4.165341463955966
59000,4.711554336547851
59100,4.766461112282493
59200,5.283867229114879
59300,3.1429443359375
59400,2.9325038364955356
59500,4.633240836007254
59600,2.33889283074273
59700,3.2031984329223633
59800,6.0469207763671875
59900,5.228506821852464
60000,4.744048595428467
60100,3.0236377716064453
60200,4.153323745727539
60300,3.951390402657645
60400,1.70096222559611
60500,2.9081823560926647
60600,3.885174306233724
60700,2.852630853652954
60800,5.177415529886882
60900,2.4066381454467773
61000,3.0781067742241754
61100,3.6528873443603516
61200,6.348228759765625
61300,4.307224750518799
61400,2.4622701009114585
61500,4.560992240905762
61600,3.111774444580078
61700,4.250372250874837
61800,4.738088434392756
61900,3.311834716796875
62000,3.5998996098836265
62100,5.241732597351074
62200,3.023568630218506
62300,2.3637943267822266
62400,3.401428985595703
62500,2.1056663513183596
62600,3.204347610473633
62700,5.017775102095171
62800,3.6633632659912108
62900,2.7278218950544084
63000,4.258523464202881
63100,3.7627267837524414
63200,3.127466474260603
63300,2.693971906389509
63400,4.06150499979655
63500,3.425925064086914
63600,5.266109890407986
63700,5.309116787380642
63800,4.877061208089192
63900,3.6204310825892856
64000,3.289620808192662
64100,4.198281860351562
64200,3.282991886138916
64300,3.751934051513672
64400,1.6223151683807373
64500,4.623807430267334
64600,1.1177180290222168
64700,4.884842872619629
64800,5.280228751046317
64900,3.5426643916538785
65000,2.80503511428833
65100,5.218713760375977
65200,2.8494017124176025
65300,5.244820404052734
65400,4.3037393358018665
65500,2.988480567932129
65600,4.388973236083984
65700,4.100051498413086
65800,3.985739898681641
65900,4.072071075439453
66000,4.087515089246962
66100,2.6034210522969565
66200,6.34462308883667
66300,3.217473136054145
66400,5.213096271861684
66500,3.2390804290771484
66600,4.714278793334961
66700,4.5343772888183596
66800,4.781111717224121
66900,2.2967617511749268
67000,3.87205081515842
67100,2.6070142473493303
67200,5.747067769368489
67300,3.5798136393229165
67400,4.685755509596604
67500,5.391303634643554
67600,4.580393218994141
67700,4.929589358243075
67800,2.2586216926574707
67900,2.0367918014526367
68000,4.722906589508057
68100,2.177903311593192
68200,2.3117378779820035
68300,2.2205982208251953
68400,6.12210890826057
68500,3.226722478866577
68600,3.7362047831217446
68700,1.692205588022868
68800,2.459963798522949
68900,3.7610997286709873
69000,4.600767517089844
69100,4.855866172096946
69200,6.178995305841619
69300,3.513907623291016
69400,2.6385083879743303
69500,4.129155022757394
69600,2.3114087846544056
69700,2.9833743572235107
69800,6.935134194113991
69900,4.766150254469651
70000,4.414849281311035
70100,1.98935546875
70200,3.8254463195800783
70300,3.862304142543248
70400,1.4600256284077961
70500,2.690453635321723
70600,4.157270558675131
70700,2.7678062915802
70800,3.352829933166504
70900,2.327955722808838
71000,3.030297597249349
71100,3.3069987297058105
71200,6.33001220703125
71300,5.592841148376465
71400,2.3796888987223306
71500,4.604897975921631
71600,3.364084561665853
71700,4.22420088450114
71800,5.41128193248402
71900,3.5667396545410157
72000,3.977926254272461
72100,3.9564075469970703
72200,2.7650814056396484
72300,1.4248410633632116
72400,3.437078094482422
72500,2.0910839080810546
72600,3.102936553955078
72700,4.873979395086115
72800,4.067889022827148
72900,2.100064958844866
73000,3.187169075012207
73100,4.1846160888671875
73200,2.868891034807478
73300,2.509739467075893
73400,3.744044621785482
73500,3.2341243743896486
73600,4.793235354953342
73700,4.385562049018012
73800,4.627383232116699
73900,3.294588088989258
74000,3.576655796595982
74100,3.753763198852539
74200,3.2094128131866455
74300,4.294347763061523
74400,3.350524663925171
74500,4.026240348815918
74600,0.5994174480438232
74700,3.8492677211761475
74800,4.932193211146763
74900,2.9828153337751115
75000,2.016913414001465
75100,5.755157470703125
75200,3.6622395515441895
75300,4.400753402709961
75400,4.618075476752387
75500,2.6145472526550293
75600,4.000064531962077
75700,3.902504730224609
75800,4.214809799194336
75900,3.8635342915852866
76000,4.7301830715603295
76100,2.8556998570760093
76200,5.667688369750977
76300,4.009336683485243
76400,5.010255293412642
76500,3.3582687377929688
76600,4.354335784912109
76700,4.1121868133544925
76800,4.557685216267903
76900,1.8440821170806885
77000,5.152124616834852
77100,1.9130573272705078
77200,5.369668960571289
77300,3.460996839735243
77400,4.5319216801570015
77500,5.357059478759766
77600,4.945922470092773
77700,4.86840854991566
77800,0.9965265591939291
77900,1.8256172452654158
78000,4.939174175262451
78100,1.949937002999442
78200,2.6505819048200334
78300,1.4920618874686105
78400,5.4184888951918655
78500,3.0254175662994385
78600,2.990938186645508
78700,1.4957103729248047
78800,2.1120176315307617
78900,3.89854604547674
79000,4.048196029663086
79100,4.788607510653409
79200,4.8404672796076
79300,3.1944103240966797
79400,2.1076886313302174
79500,3.6926443917410716
79600,1.7662728627522786
79700,3.150646686553955
79800,5.4364377802068535
79900,4.534153571495643
80000,4.290275573730469
80100,1.639328384399414
80200,5.0249488830566404
80300,3.4757532392229353
80400,2.469973882039388
80500,2.4498172336154513
80600,4.028409576416015
80700,2.8672709465026855
80800,3.40425968170166
80900,1.6305386225382488
81000,2.960959964328342
81100,3.495123863220215
81200,6.341386108398438
81300,4.955725193023682
81400,2.1671058336893716
81500,4.868523597717285
81600,2.739729563395182
81700,4.036828358968099
81800,4.96542011607777
81900,3.4351444244384766
82000,3.798288345336914
82100,3.5987884998321533
82200,2.613739490509033
82300,1.2231922149658203
82400,3.2123451232910156
82500,1.6665433883666991
82600,2.926064300537109
82700,4.667723915793679
82800,4.569731903076172
82900,2.005781991141183
83000,3.6082510948181152
83100,2.9449915885925293
83200,2.5991992950439453
83300,1.8100719451904297
83400,3.3735202153523765
83500,3.300885009765625
83600,4.565296173095703
83700,5.221710628933376
83800,4.848963101704915
83900,2.153815950666155
84000,2.940353121076311
84100,3.6494075775146486
84200,3.0187134742736816
84300,4.811499786376953
84400,1.0399121046066284
84500,4.032352447509766
84600,2.4631656646728515
84700,3.3973116874694824
84800,4.954598018101284
84900,3.025787898472377
85000,2.3650710582733154
85100,5.195789813995361
85200,2.6749398708343506
85300,4.076876449584961
85400,4.565885755750868
85500,2.1613593101501465
85600,4.315972010294597
85700,3.9184890747070313
85800,3.977211761474609
85900,4.204873402913411
86000,3.0596410963270397
86100,2.116455078125
86200,5.356769561767578
86300,3.62306891547309
86400,4.870655406605113
86500,3.183032717023577
86600,4.733530807495117
86700,4.17906494140625
86800,4.345762570699056
86900,2.0452752113342285
87000,4.028721279568142
87100,2.6678415025983537
87200,5.093796730041504
87300,3.21079593234592
87400,4.4733255826509914
87500,4.754611206054688
87600,4.029967498779297
87700,4.630320462313565
87800,0.358566681543986
87900,2.971158981323242
88000,4.318949222564697
88100,2.0657877240862166
88200,1.9335970197405135
88300,1.3892992564610072
88400,5.194966484518612
88500,2.6300292015075684
88600,2.8049545288085938
88700,1.231298605600993
88800,2.047673463821411
88900,4.177319266579368
89000,5.040278625488281
89100,5.280033458362926
89200,4.879546772349965
89300,3.2080429077148436
89400,2.1139601298740933
89500,6.607701437813895
89600,1.784269544813368
89700,4.04473876953125
89800,5.549863641912287
89900,4.957814143254207
90000,4.1842875480651855
90100,1.193642520904541
90200,3.7843318939208985
90300,3.1158580780029297
90400,1.0553535620371501
90500,1.9186702304416232
90600,3.8821922302246095
90700,2.9466800689697266
90800,3.7382561365763345
90900,1.8655481338500977
91000,2.359506607055664
91100,3.15749454498291
91200,6.491940307617187
91300,3.503404140472412
91400,1.833788553873698
91500,4.701701641082764
91600,2.962667147318522
91700,3.994032541910807
91800,4.291790702126243
91900,2.9791582107543944
92000,3.4418369928995767
92100,3.7693846225738525
92200,2.6756908893585205
92300,1.7803596769060408
92400,2.9747154235839846
92500,1.3944712638854981
92600,2.8359893798828124
92700,4.58394345370206
92800,4.225178527832031
92900,2.5115179334368025
93000,2.5893490314483643
93100,3.119537830352783
93200,2.135510035923549
93300,1.7997049604143416
93400,3.046642303466797
93500,3.03829345703125
93600,4.275791592068142
93700,4.464807722303602
93800,4.683555285135905
93900,2.242791175842285
94000,4.4375730242047995
94100,3.743122100830078
94200,3.0075221061706543
94300,2.9281213760375975
94400,0.44672369956970215
94500,4.15764856338501
94600,0.5901427745819092
94700,4.211712837219238
94800,4.644823346819196
94900,2.4751853942871094
95000,3.447294235229492
95100,4.819408893585205
95200,2.3734147548675537
95300,4.616434860229492
95400,4.627334170871311
95500,3.233349323272705
95600,4.084516843159993
95700,3.4768672943115235
95800,3.697850799560547
95900,3.6535589430067272
96000,3.344292958577474
96100,1.6739249229431152
96200,4.548107624053955
96300,2.5627530415852866
96400,4.61604135686701
96500,2.7157595498221263
96600,5.160454940795899
96700,4.526873016357422
96800,3.9831406275431314
96900,1.8134467601776123
97000,3.5443445841471353
97100,1.6196365356445312
97200,5.034918149312337
97300,3.1343691084120007
97400,4.815809690035307
97500,4.772827911376953
97600,5.375465393066406
97700,4.5838234641335225
97800,0.17830546696980795
97900,1.340691157749721
98000,5.075985908508301
98100,1.5890015193394251
98200,1.921542031424386
98300,1.305671283176967
98400,5.815495210535386
98500,3.009338855743408
98600,2.7170419692993164
98700,1.6593246459960938
98800,2.008021354675293
98900,5.159271587025035
99000,4.303585433959961
99100,4.36786582253196
99200,4.373856977982954
99300,2.656983184814453
99400,2.572828565325056
99500,5.253287179129464
99600,1.2761756049262152
99700,3.693352222442627
99800,4.9941864013671875
99900,4.4090094933143025
100000,4.055840492248535
